Flutter crash report.
Please report a bug at https://github.com/flutter/flutter/issues.

## command

flutter run --release

## exception

SocketException: SocketException: OS Error: Success, errno = 0, port = 0

```
```

## flutter doctor

```
[✓] Flutter (Channel stable, 2.5.3, on Ubuntu 20.04.3 LTS 5.11.0-38-generic, locale en_IN)
    • Flutter version 2.5.3 at /home/shreesoftech/snap/flutter/common/flutter
    • Upstream repository https://github.com/flutter/flutter.git
    • Framework revision 18116933e7 (4 weeks ago), 2021-10-15 10:46:35 -0700
    • Engine revision d3ea636dc5
    • Dart version 2.14.4

[✓] Android toolchain - develop for Android devices (Android SDK version 31.0.0)
    • Android SDK at /home/shreesoftech/Android/Sdk
    • Platform android-31, build-tools 31.0.0
    • Java binary at: /snap/android-studio/current/android-studio/jre/bin/java
    • Java version OpenJDK Runtime Environment (build 11.0.10+0-b96-7249189)
    • All Android licenses accepted.

[✓] Chrome - develop for the web
    • Chrome at google-chrome

[✓] Android Studio (version 2020.3)
    • Android Studio at /snap/android-studio/115/android-studio
    • Flutter plugin version 62.0.1
    • Dart plugin version 203.8452
    • Java version OpenJDK Runtime Environment (build 11.0.10+0-b96-7249189)

[✓] Android Studio
    • Android Studio at /snap/android-studio/current/android-studio
    • Flutter plugin can be installed from:
      🔨 https://plugins.jetbrains.com/plugin/9212-flutter
    • Dart plugin can be installed from:
      🔨 https://plugins.jetbrains.com/plugin/6351-dart
    • android-studio-dir = /snap/android-studio/current/android-studio
    • Java version OpenJDK Runtime Environment (build 11.0.10+0-b96-7249189)

[✓] VS Code (version 1.60.2)
    • VS Code at /usr/share/code
    • Flutter extension version 3.27.0

[✓] VS Code
    • VS Code at /snap/code/current
    • Flutter extension version 3.27.0

[✓] Connected device (2 available)
    • vivo 1804 (mobile) • 192.168.1.14:5555 • android-arm64  • Android 10 (API 29)
    • Chrome (web)       • chrome            • web-javascript • Google Chrome 94.0.4606.54

• No issues found!
```
